<?xml version="1.0" encoding="UTF-8"?>
<testsuite xmlns:xsi="http://www.w3.org/2001/XMLSchema-instance" xsi:noNamespaceSchemaLocation="https://maven.apache.org/surefire/maven-surefire-plugin/xsd/surefire-test-report.xsd" name="org.springframework.boot.web.embedded.undertow.UndertowServletWebServerFactoryTests" time="5.926" tests="79" errors="0" skipped="2" failures="0">
  <properties>
[...]
</properties>
  <testcase name="serverHeaderIsDisabledByDefault" classname="org.springframework.boot.web.embedded.undertow.UndertowServletWebServerFactoryTests" time="0.166"/>
  <testcase name="errorPageFromPutRequest" classname="org.springframework.boot.web.embedded.undertow.UndertowServletWebServerFactoryTests" time="0.043"/>
  <testcase name="getValidSessionStoreWhenSessionStoreNotSet" classname="org.springframework.boot.web.embedded.undertow.UndertowServletWebServerFactoryTests" time="0.042"/>
  <testcase name="sslSessionTracking" classname="org.springframework.boot.web.embedded.undertow.UndertowServletWebServerFactoryTests" time="0.021"/>
  <testcase name="jspServletIsNotInDevelopmentModeByDefault" classname="org.springframework.boot.web.embedded.undertow.UndertowServletWebServerFactoryTests" time="0">
    <skipped message="Assumption failed: assumption is not false" type="org.opentest4j.TestAbortedException">org.opentest4j.TestAbortedException: Assumption failed: assumption is not false
	at org.junit.jupiter.api.Assumptions.throwTestAbortedException(Assumptions.java:256)
	at org.junit.jupiter.api.Assumptions.assumeFalse(Assumptions.java:191)
	at org.junit.jupiter.api.Assumptions.assumeFalse(Assumptions.java:142)
	at org.springframework.boot.web.servlet.server.AbstractServletWebServerFactoryTests.jspServletIsNotInDevelopmentModeByDefault(AbstractServletWebServerFactoryTests.java:876)
	at java.base/jdk.internal.reflect.NativeMethodAccessorImpl.invoke0(Native Method)
	at java.base/jdk.internal.reflect.NativeMethodAccessorImpl.invoke(NativeMethodAccessorImpl.java:62)
	at java.base/jdk.internal.reflect.DelegatingMethodAccessorImpl.invoke(DelegatingMethodAccessorImpl.java:43)
	at java.base/java.lang.reflect.Method.invoke(Method.java:566)
	at org.junit.platform.commons.util.ReflectionUtils.invokeMethod(ReflectionUtils.java:675)
	at org.junit.jupiter.engine.execution.MethodInvocation.proceed(MethodInvocation.java:60)
	at org.junit.jupiter.engine.execution.InvocationInterceptorChain$ValidatingInvocation.proceed(InvocationInterceptorChain.java:125)
	at org.junit.jupiter.engine.extension.TimeoutExtension.intercept(TimeoutExtension.java:132)
	at org.junit.jupiter.engine.extension.TimeoutExtension.interceptTestableMethod(TimeoutExtension.java:124)
	at org.junit.jupiter.engine.extension.TimeoutExtension.interceptTestMethod(TimeoutExtension.java:74)
	at org.junit.jupiter.engine.execution.ExecutableInvoker$ReflectiveInterceptorCall.lambda$ofVoidMethod$0(ExecutableInvoker.java:115)
	at org.junit.jupiter.engine.execution.ExecutableInvoker.lambda$invoke$0(ExecutableInvoker.java:105)
	at org.junit.jupiter.engine.execution.InvocationInterceptorChain$InterceptedInvocation.proceed(InvocationInterceptorChain.java:104)
	at org.junit.jupiter.engine.execution.InvocationInterceptorChain.proceed(InvocationInterceptorChain.java:62)
	at org.junit.jupiter.engine.execution.InvocationInterceptorChain.chainAndInvoke(InvocationInterceptorChain.java:43)
	at org.junit.jupiter.engine.execution.InvocationInterceptorChain.invoke(InvocationInterceptorChain.java:35)
	at org.junit.jupiter.engine.execution.ExecutableInvoker.invoke(ExecutableInvoker.java:104)
	at org.junit.jupiter.engine.execution.ExecutableInvoker.invoke(ExecutableInvoker.java:98)
	at org.junit.jupiter.engine.descriptor.TestMethodTestDescriptor.lambda$invokeTestMethod$6(TestMethodTestDescriptor.java:202)
	at org.junit.platform.engine.support.hierarchical.ThrowableCollector.execute(ThrowableCollector.java:73)
	at org.junit.jupiter.engine.descriptor.TestMethodTestDescriptor.invokeTestMethod(TestMethodTestDescriptor.java:198)
	at org.junit.jupiter.engine.descriptor.TestMethodTestDescriptor.execute(TestMethodTestDescriptor.java:135)
	at org.junit.jupiter.engine.descriptor.TestMethodTestDescriptor.execute(TestMethodTestDescriptor.java:69)
	at org.junit.platform.engine.support.hierarchical.NodeTestTask.lambda$executeRecursively$5(NodeTestTask.java:135)
	at org.junit.platform.engine.support.hierarchical.ThrowableCollector.execute(ThrowableCollector.java:73)
	at org.junit.platform.engine.support.hierarchical.NodeTestTask.lambda$executeRecursively$7(NodeTestTask.java:125)
	at org.junit.platform.engine.support.hierarchical.Node.around(Node.java:135)
	at org.junit.platform.engine.support.hierarchical.NodeTestTask.lambda$executeRecursively$8(NodeTestTask.java:123)
	at org.junit.platform.engine.support.hierarchical.ThrowableCollector.execute(ThrowableCollector.java:73)
	at org.junit.platform.engine.support.hierarchical.NodeTestTask.executeRecursively(NodeTestTask.java:122)
	at org.junit.platform.engine.support.hierarchical.NodeTestTask.execute(NodeTestTask.java:80)
	at java.base/java.util.ArrayList.forEach(ArrayList.java:1540)
	at org.junit.platform.engine.support.hierarchical.SameThreadHierarchicalTestExecutorService.invokeAll(SameThreadHierarchicalTestExecutorService.java:38)
	at org.junit.platform.engine.support.hierarchical.NodeTestTask.lambda$executeRecursively$5(NodeTestTask.java:139)
	at org.junit.platform.engine.support.hierarchical.ThrowableCollector.execute(ThrowableCollector.java:73)
	at org.junit.platform.engine.support.hierarchical.NodeTestTask.lambda$executeRecursively$7(NodeTestTask.java:125)
	at org.junit.platform.engine.support.hierarchical.Node.around(Node.java:135)
	at org.junit.platform.engine.support.hierarchical.NodeTestTask.lambda$executeRecursively$8(NodeTestTask.java:123)
	at org.junit.platform.engine.support.hierarchical.ThrowableCollector.execute(ThrowableCollector.java:73)
	at org.junit.platform.engine.support.hierarchical.NodeTestTask.executeRecursively(NodeTestTask.java:122)
	at org.junit.platform.engine.support.hierarchical.NodeTestTask.execute(NodeTestTask.java:80)
	at java.base/java.util.ArrayList.forEach(ArrayList.java:1540)
	at org.junit.platform.engine.support.hierarchical.SameThreadHierarchicalTestExecutorService.invokeAll(SameThreadHierarchicalTestExecutorService.java:38)
	at org.junit.platform.engine.support.hierarchical.NodeTestTask.lambda$executeRecursively$5(NodeTestTask.java:139)
	at org.junit.platform.engine.support.hierarchical.ThrowableCollector.execute(ThrowableCollector.java:73)
	at org.junit.platform.engine.support.hierarchical.NodeTestTask.lambda$executeRecursively$7(NodeTestTask.java:125)
	at org.junit.platform.engine.support.hierarchical.Node.around(Node.java:135)
	at org.junit.platform.engine.support.hierarchical.NodeTestTask.lambda$executeRecursively$8(NodeTestTask.java:123)
	at org.junit.platform.engine.support.hierarchical.ThrowableCollector.execute(ThrowableCollector.java:73)
	at org.junit.platform.engine.support.hierarchical.NodeTestTask.executeRecursively(NodeTestTask.java:122)
	at org.junit.platform.engine.support.hierarchical.NodeTestTask.execute(NodeTestTask.java:80)
	at org.junit.platform.engine.support.hierarchical.SameThreadHierarchicalTestExecutorService.submit(SameThreadHierarchicalTestExecutorService.java:32)
	at org.junit.platform.engine.support.hierarchical.HierarchicalTestExecutor.execute(HierarchicalTestExecutor.java:57)
	at org.junit.platform.engine.support.hierarchical.HierarchicalTestEngine.execute(HierarchicalTestEngine.java:51)
	at org.junit.platform.launcher.core.DefaultLauncher.execute(DefaultLauncher.java:220)
	at org.junit.platform.launcher.core.DefaultLauncher.lambda$execute$6(DefaultLauncher.java:188)
	at org.junit.platform.launcher.core.DefaultLauncher.withInterceptedStreams(DefaultLauncher.java:202)
	at org.junit.platform.launcher.core.DefaultLauncher.execute(DefaultLauncher.java:181)
	at org.junit.platform.launcher.core.DefaultLauncher.execute(DefaultLauncher.java:128)
	at org.apache.maven.surefire.junitplatform.JUnitPlatformProvider.invokeAllTests(JUnitPlatformProvider.java:150)
	at org.apache.maven.surefire.junitplatform.JUnitPlatformProvider.invoke(JUnitPlatformProvider.java:124)
	at org.apache.maven.surefire.booter.ForkedBooter.invokeProviderInSameClassLoader(ForkedBooter.java:384)
	at org.apache.maven.surefire.booter.ForkedBooter.runSuitesInProcess(ForkedBooter.java:345)
	at org.apache.maven.surefire.booter.ForkedBooter.execute(ForkedBooter.java:126)
	at org.apache.maven.surefire.booter.ForkedBooter.main(ForkedBooter.java:418)
</skipped>
  </testcase>
  <testcase name="sessionCookieConfiguration" classname="org.springframework.boot.web.embedded.undertow.UndertowServletWebServerFactoryTests" time="0.027"/>
  <testcase name="contextRootPathMustNotBeSlash" classname="org.springframework.boot.web.embedded.undertow.UndertowServletWebServerFactoryTests" time="0.001"/>
  <testcase name="documentRoot" classname="org.springframework.boot.web.embedded.undertow.UndertowServletWebServerFactoryTests" time="0.048"/>
  <testcase name="mimeType" classname="org.springframework.boot.web.embedded.undertow.UndertowServletWebServerFactoryTests" time="0.04"/>
  <testcase name="basicSslFromFileSystem" classname="org.springframework.boot.web.embedded.undertow.UndertowServletWebServerFactoryTests" time="0.056"/>
  <testcase name="startBlocksUntilReadyToServe" classname="org.springframework.boot.web.embedded.undertow.UndertowServletWebServerFactoryTests" time="0.563"/>
  <testcase name="specificPort" classname="org.springframework.boot.web.embedded.undertow.UndertowServletWebServerFactoryTests" time="0.032"/>
  <testcase name="faultyFilterCausesStartFailure" classname="org.springframework.boot.web.embedded.undertow.UndertowServletWebServerFactoryTests" time="0.029"/>
  <testcase name="compressionOfResponseToGetRequest" classname="org.springframework.boot.web.embedded.undertow.UndertowServletWebServerFactoryTests" time="0.037"/>
  <testcase name="sslWantsClientAuthenticationSucceedsWithClientCertificate" classname="org.springframework.boot.web.embedded.undertow.UndertowServletWebServerFactoryTests" time="0.068"/>
  <testcase name="startCalledTwice{CapturedOutput}" classname="org.springframework.boot.web.embedded.undertow.UndertowServletWebServerFactoryTests" time="0.045"/>
  <testcase name="sslWantsClientAuthenticationSucceedsWithoutClientCertificate" classname="org.springframework.boot.web.embedded.undertow.UndertowServletWebServerFactoryTests" time="0.047"/>
  <testcase name="customServerHeader" classname="org.springframework.boot.web.embedded.undertow.UndertowServletWebServerFactoryTests" time="0.029"/>
  <testcase name="startServletAndFilter" classname="org.springframework.boot.web.embedded.undertow.UndertowServletWebServerFactoryTests" time="0.033"/>
  <testcase name="sessionConfiguration" classname="org.springframework.boot.web.embedded.undertow.UndertowServletWebServerFactoryTests" time="0.03"/>
  <testcase name="emptyServerWhenPortIsMinusOne" classname="org.springframework.boot.web.embedded.undertow.UndertowServletWebServerFactoryTests" time="0.028"/>
  <testcase name="persistSession" classname="org.springframework.boot.web.embedded.undertow.UndertowServletWebServerFactoryTests" time="0.139"/>
  <testcase name="stopCalledTwice" classname="org.springframework.boot.web.embedded.undertow.UndertowServletWebServerFactoryTests" time="0.03"/>
  <testcase name="getValidSessionStoreWhenSessionStoreReferencesFile" classname="org.springframework.boot.web.embedded.undertow.UndertowServletWebServerFactoryTests" time="0.003"/>
  <testcase name="serverHeaderCanBeCustomizedWhenUsingSsl" classname="org.springframework.boot.web.embedded.undertow.UndertowServletWebServerFactoryTests" time="0.103"/>
  <testcase name="contextPathMustStartWithSlash" classname="org.springframework.boot.web.embedded.undertow.UndertowServletWebServerFactoryTests" time="0.001"/>
  <testcase name="jspServletInitParameters" classname="org.springframework.boot.web.embedded.undertow.UndertowServletWebServerFactoryTests" time="0">
    <skipped message="Assumption failed: assumption is not false" type="org.opentest4j.TestAbortedException">org.opentest4j.TestAbortedException: Assumption failed: assumption is not false
	at org.junit.jupiter.api.Assumptions.throwTestAbortedException(Assumptions.java:256)
	at org.junit.jupiter.api.Assumptions.assumeFalse(Assumptions.java:191)
	at org.junit.jupiter.api.Assumptions.assumeFalse(Assumptions.java:142)
	at org.springframework.boot.web.servlet.server.AbstractServletWebServerFactoryTests.jspServletInitParameters(AbstractServletWebServerFactoryTests.java:867)
	at java.base/jdk.internal.reflect.NativeMethodAccessorImpl.invoke0(Native Method)
	at java.base/jdk.internal.reflect.NativeMethodAccessorImpl.invoke(NativeMethodAccessorImpl.java:62)
	at java.base/jdk.internal.reflect.DelegatingMethodAccessorImpl.invoke(DelegatingMethodAccessorImpl.java:43)
	at java.base/java.lang.reflect.Method.invoke(Method.java:566)
	at org.junit.platform.commons.util.ReflectionUtils.invokeMethod(ReflectionUtils.java:675)
	at org.junit.jupiter.engine.execution.MethodInvocation.proceed(MethodInvocation.java:60)
	at org.junit.jupiter.engine.execution.InvocationInterceptorChain$ValidatingInvocation.proceed(InvocationInterceptorChain.java:125)
	at org.junit.jupiter.engine.extension.TimeoutExtension.intercept(TimeoutExtension.java:132)
	at org.junit.jupiter.engine.extension.TimeoutExtension.interceptTestableMethod(TimeoutExtension.java:124)
	at org.junit.jupiter.engine.extension.TimeoutExtension.interceptTestMethod(TimeoutExtension.java:74)
	at org.junit.jupiter.engine.execution.ExecutableInvoker$ReflectiveInterceptorCall.lambda$ofVoidMethod$0(ExecutableInvoker.java:115)
	at org.junit.jupiter.engine.execution.ExecutableInvoker.lambda$invoke$0(ExecutableInvoker.java:105)
	at org.junit.jupiter.engine.execution.InvocationInterceptorChain$InterceptedInvocation.proceed(InvocationInterceptorChain.java:104)
	at org.junit.jupiter.engine.execution.InvocationInterceptorChain.proceed(InvocationInterceptorChain.java:62)
	at org.junit.jupiter.engine.execution.InvocationInterceptorChain.chainAndInvoke(InvocationInterceptorChain.java:43)
	at org.junit.jupiter.engine.execution.InvocationInterceptorChain.invoke(InvocationInterceptorChain.java:35)
	at org.junit.jupiter.engine.execution.ExecutableInvoker.invoke(ExecutableInvoker.java:104)
	at org.junit.jupiter.engine.execution.ExecutableInvoker.invoke(ExecutableInvoker.java:98)
	at org.junit.jupiter.engine.descriptor.TestMethodTestDescriptor.lambda$invokeTestMethod$6(TestMethodTestDescriptor.java:202)
	at org.junit.platform.engine.support.hierarchical.ThrowableCollector.execute(ThrowableCollector.java:73)
	at org.junit.jupiter.engine.descriptor.TestMethodTestDescriptor.invokeTestMethod(TestMethodTestDescriptor.java:198)
	at org.junit.jupiter.engine.descriptor.TestMethodTestDescriptor.execute(TestMethodTestDescriptor.java:135)
	at org.junit.jupiter.engine.descriptor.TestMethodTestDescriptor.execute(TestMethodTestDescriptor.java:69)
	at org.junit.platform.engine.support.hierarchical.NodeTestTask.lambda$executeRecursively$5(NodeTestTask.java:135)
	at org.junit.platform.engine.support.hierarchical.ThrowableCollector.execute(ThrowableCollector.java:73)
	at org.junit.platform.engine.support.hierarchical.NodeTestTask.lambda$executeRecursively$7(NodeTestTask.java:125)
	at org.junit.platform.engine.support.hierarchical.Node.around(Node.java:135)
	at org.junit.platform.engine.support.hierarchical.NodeTestTask.lambda$executeRecursively$8(NodeTestTask.java:123)
	at org.junit.platform.engine.support.hierarchical.ThrowableCollector.execute(ThrowableCollector.java:73)
	at org.junit.platform.engine.support.hierarchical.NodeTestTask.executeRecursively(NodeTestTask.java:122)
	at org.junit.platform.engine.support.hierarchical.NodeTestTask.execute(NodeTestTask.java:80)
	at java.base/java.util.ArrayList.forEach(ArrayList.java:1540)
	at org.junit.platform.engine.support.hierarchical.SameThreadHierarchicalTestExecutorService.invokeAll(SameThreadHierarchicalTestExecutorService.java:38)
	at org.junit.platform.engine.support.hierarchical.NodeTestTask.lambda$executeRecursively$5(NodeTestTask.java:139)
	at org.junit.platform.engine.support.hierarchical.ThrowableCollector.execute(ThrowableCollector.java:73)
	at org.junit.platform.engine.support.hierarchical.NodeTestTask.lambda$executeRecursively$7(NodeTestTask.java:125)
	at org.junit.platform.engine.support.hierarchical.Node.around(Node.java:135)
	at org.junit.platform.engine.support.hierarchical.NodeTestTask.lambda$executeRecursively$8(NodeTestTask.java:123)
	at org.junit.platform.engine.support.hierarchical.ThrowableCollector.execute(ThrowableCollector.java:73)
	at org.junit.platform.engine.support.hierarchical.NodeTestTask.executeRecursively(NodeTestTask.java:122)
	at org.junit.platform.engine.support.hierarchical.NodeTestTask.execute(NodeTestTask.java:80)
	at java.base/java.util.ArrayList.forEach(ArrayList.java:1540)
	at org.junit.platform.engine.support.hierarchical.SameThreadHierarchicalTestExecutorService.invokeAll(SameThreadHierarchicalTestExecutorService.java:38)
	at org.junit.platform.engine.support.hierarchical.NodeTestTask.lambda$executeRecursively$5(NodeTestTask.java:139)
	at org.junit.platform.engine.support.hierarchical.ThrowableCollector.execute(ThrowableCollector.java:73)
	at org.junit.platform.engine.support.hierarchical.NodeTestTask.lambda$executeRecursively$7(NodeTestTask.java:125)
	at org.junit.platform.engine.support.hierarchical.Node.around(Node.java:135)
	at org.junit.platform.engine.support.hierarchical.NodeTestTask.lambda$executeRecursively$8(NodeTestTask.java:123)
	at org.junit.platform.engine.support.hierarchical.ThrowableCollector.execute(ThrowableCollector.java:73)
	at org.junit.platform.engine.support.hierarchical.NodeTestTask.executeRecursively(NodeTestTask.java:122)
	at org.junit.platform.engine.support.hierarchical.NodeTestTask.execute(NodeTestTask.java:80)
	at org.junit.platform.engine.support.hierarchical.SameThreadHierarchicalTestExecutorService.submit(SameThreadHierarchicalTestExecutorService.java:32)
	at org.junit.platform.engine.support.hierarchical.HierarchicalTestExecutor.execute(HierarchicalTestExecutor.java:57)
	at org.junit.platform.engine.support.hierarchical.HierarchicalTestEngine.execute(HierarchicalTestEngine.java:51)
	at org.junit.platform.launcher.core.DefaultLauncher.execute(DefaultLauncher.java:220)
	at org.junit.platform.launcher.core.DefaultLauncher.lambda$execute$6(DefaultLauncher.java:188)
	at org.junit.platform.launcher.core.DefaultLauncher.withInterceptedStreams(DefaultLauncher.java:202)
	at org.junit.platform.launcher.core.DefaultLauncher.execute(DefaultLauncher.java:181)
	at org.junit.platform.launcher.core.DefaultLauncher.execute(DefaultLauncher.java:128)
	at org.apache.maven.surefire.junitplatform.JUnitPlatformProvider.invokeAllTests(JUnitPlatformProvider.java:150)
	at org.apache.maven.surefire.junitplatform.JUnitPlatformProvider.invoke(JUnitPlatformProvider.java:124)
	at org.apache.maven.surefire.booter.ForkedBooter.invokeProviderInSameClassLoader(ForkedBooter.java:384)
	at org.apache.maven.surefire.booter.ForkedBooter.runSuitesInProcess(ForkedBooter.java:345)
	at org.apache.maven.surefire.booter.ForkedBooter.execute(ForkedBooter.java:126)
	at org.apache.maven.surefire.booter.ForkedBooter.main(ForkedBooter.java:418)
</skipped>
  </testcase>
  <testcase name="persistSessionInSpecificSessionStoreDir" classname="org.springframework.boot.web.embedded.undertow.UndertowServletWebServerFactoryTests" time="0.038"/>
  <testcase name="sslGetScheme" classname="org.springframework.boot.web.embedded.undertow.UndertowServletWebServerFactoryTests" time="0.048"/>
  <testcase name="errorPage" classname="org.springframework.boot.web.embedded.undertow.UndertowServletWebServerFactoryTests" time="0.036"/>
  <testcase name="contextPathIsLoggedOnStartup{CapturedOutput}" classname="org.springframework.boot.web.embedded.undertow.UndertowServletWebServerFactoryTests" time="0.038"/>
  <testcase name="sslWithCustomSslStoreProvider" classname="org.springframework.boot.web.embedded.undertow.UndertowServletWebServerFactoryTests" time="0.059"/>
  <testcase name="servletContextListenerContextDestroyedIsCalledWhenContainerIsStopped" classname="org.springframework.boot.web.embedded.undertow.UndertowServletWebServerFactoryTests" time="0.041"/>
  <testcase name="compressionWithoutContentSizeHeader" classname="org.springframework.boot.web.embedded.undertow.UndertowServletWebServerFactoryTests" time="0.035"/>
  <testcase name="contextPathMustNotEndWithSlash" classname="org.springframework.boot.web.embedded.undertow.UndertowServletWebServerFactoryTests" time="0.002"/>
  <testcase name="stopServlet" classname="org.springframework.boot.web.embedded.undertow.UndertowServletWebServerFactoryTests" time="2.036"/>
  <testcase name="serverHeaderIsDisabledByDefaultWhenUsingSsl" classname="org.springframework.boot.web.embedded.undertow.UndertowServletWebServerFactoryTests" time="0.048"/>
  <testcase name="mimeMappingsAreCorrectlyConfigured" classname="org.springframework.boot.web.embedded.undertow.UndertowServletWebServerFactoryTests" time="0.023"/>
  <testcase name="multipleConfigurations" classname="org.springframework.boot.web.embedded.undertow.UndertowServletWebServerFactoryTests" time="0.031"/>
  <testcase name="exceptionThrownOnLoadFailureIsRethrown" classname="org.springframework.boot.web.embedded.undertow.UndertowServletWebServerFactoryTests" time="0.021"/>
  <testcase name="loadOnStartAfterContextIsInitialized" classname="org.springframework.boot.web.embedded.undertow.UndertowServletWebServerFactoryTests" time="0.026"/>
  <testcase name="sslNeedsClientAuthenticationSucceedsWithClientCertificate" classname="org.springframework.boot.web.embedded.undertow.UndertowServletWebServerFactoryTests" time="0.052"/>
  <testcase name="sslDisabled" classname="org.springframework.boot.web.embedded.undertow.UndertowServletWebServerFactoryTests" time="0.038"/>
  <testcase name="basicSslFromClassPath" classname="org.springframework.boot.web.embedded.undertow.UndertowServletWebServerFactoryTests" time="0.063"/>
  <testcase name="compressionOfResponseToPostRequest" classname="org.springframework.boot.web.embedded.undertow.UndertowServletWebServerFactoryTests" time="0.044"/>
  <testcase name="sslKeyAlias" classname="org.springframework.boot.web.embedded.undertow.UndertowServletWebServerFactoryTests" time="0.065"/>
  <testcase name="rootServletContextResource" classname="org.springframework.boot.web.embedded.undertow.UndertowServletWebServerFactoryTests" time="0.036"/>
  <testcase name="portClashOfPrimaryConnectorResultsInPortInUseException" classname="org.springframework.boot.web.embedded.undertow.UndertowServletWebServerFactoryTests" time="0.081"/>
  <testcase name="defaultSessionTimeout" classname="org.springframework.boot.web.embedded.undertow.UndertowServletWebServerFactoryTests" time="0.001"/>
  <testcase name="noCompressionForSmallResponse" classname="org.springframework.boot.web.embedded.undertow.UndertowServletWebServerFactoryTests" time="0.043"/>
  <testcase name="disableJspServletRegistration" classname="org.springframework.boot.web.embedded.undertow.UndertowServletWebServerFactoryTests" time="0.026"/>
  <testcase name="localeCharsetMappingsAreConfigured" classname="org.springframework.boot.web.embedded.undertow.UndertowServletWebServerFactoryTests" time="0.028"/>
  <testcase name="pkcs12KeyStoreAndTrustStore" classname="org.springframework.boot.web.embedded.undertow.UndertowServletWebServerFactoryTests" time="0.082"/>
  <testcase name="portClashOfSecondaryConnectorResultsInPortInUseException" classname="org.springframework.boot.web.embedded.undertow.UndertowServletWebServerFactoryTests" time="0.042"/>
  <testcase name="cannotReadClassPathFiles" classname="org.springframework.boot.web.embedded.undertow.UndertowServletWebServerFactoryTests" time="0.048"/>
  <testcase name="startServlet" classname="org.springframework.boot.web.embedded.undertow.UndertowServletWebServerFactoryTests" time="0.032"/>
  <testcase name="sslNeedsClientAuthenticationFailsWithoutClientCertificate" classname="org.springframework.boot.web.embedded.undertow.UndertowServletWebServerFactoryTests" time="0.052"/>
  <testcase name="specificContextRoot" classname="org.springframework.boot.web.embedded.undertow.UndertowServletWebServerFactoryTests" time="0.033"/>
  <testcase name="getValidSessionStoreWhenSessionStoreIsRelative" classname="org.springframework.boot.web.embedded.undertow.UndertowServletWebServerFactoryTests" time="0.048"/>
  <testcase name="noCompressionForUserAgent" classname="org.springframework.boot.web.embedded.undertow.UndertowServletWebServerFactoryTests" time="0.036"/>
  <testcase name="noCompressionForMimeType" classname="org.springframework.boot.web.embedded.undertow.UndertowServletWebServerFactoryTests" time="0.037"/>
  <testcase name="sslRestrictedProtocolsRSATLS12Success" classname="org.springframework.boot.web.embedded.undertow.UndertowServletWebServerFactoryTests" time="0.071"/>
  <testcase name="sslRestrictedProtocolsEmptyCipherFailure" classname="org.springframework.boot.web.embedded.undertow.UndertowServletWebServerFactoryTests" time="0.081"/>
  <testcase name="basicSslClasspathKeyStore" classname="org.springframework.boot.web.embedded.undertow.UndertowServletWebServerFactoryTests" time="0.062"/>
  <testcase name="addNullAddBuilderCustomizersThrows" classname="org.springframework.boot.web.embedded.undertow.UndertowServletWebServerFactoryTests" time="0.002"/>
  <testcase name="errorPage404" classname="org.springframework.boot.web.embedded.undertow.UndertowServletWebServerFactoryTests" time="0.035"/>
  <testcase name="sslRestrictedProtocolsECDHETLS1Failure" classname="org.springframework.boot.web.embedded.undertow.UndertowServletWebServerFactoryTests" time="0.034"/>
  <testcase name="sslRestrictedProtocolsECDHESuccess" classname="org.springframework.boot.web.embedded.undertow.UndertowServletWebServerFactoryTests" time="0.05"/>
  <testcase name="addNullAddDeploymentInfoCustomizersThrows" classname="org.springframework.boot.web.embedded.undertow.UndertowServletWebServerFactoryTests" time="0.002"/>
  <testcase name="accessLogCanBeCustomized" classname="org.springframework.boot.web.embedded.undertow.UndertowServletWebServerFactoryTests" time="0.137"/>
  <testcase name="eachFactoryUsesADiscreteServletContainer" classname="org.springframework.boot.web.embedded.undertow.UndertowServletWebServerFactoryTests" time="0.047"/>
  <testcase name="accessLogCanBeEnabled" classname="org.springframework.boot.web.embedded.undertow.UndertowServletWebServerFactoryTests" time="0.132"/>
  <testcase name="useForwardHeaders" classname="org.springframework.boot.web.embedded.undertow.UndertowServletWebServerFactoryTests" time="0.044"/>
  <testcase name="setNullDeploymentInfoCustomizersThrows" classname="org.springframework.boot.web.embedded.undertow.UndertowServletWebServerFactoryTests" time="0.001"/>
  <testcase name="setNullBuilderCustomizersThrows" classname="org.springframework.boot.web.embedded.undertow.UndertowServletWebServerFactoryTests" time="0.001"/>
  <testcase name="defaultContextPath" classname="org.springframework.boot.web.embedded.undertow.UndertowServletWebServerFactoryTests" time="0.025"/>
  <testcase name="builderCustomizers" classname="org.springframework.boot.web.embedded.undertow.UndertowServletWebServerFactoryTests" time="0.025"/>
  <testcase name="sslRestrictedProtocolsRSATLS11Failure" classname="org.springframework.boot.web.embedded.undertow.UndertowServletWebServerFactoryTests" time="0.031"/>
  <testcase name="deploymentInfo" classname="org.springframework.boot.web.embedded.undertow.UndertowServletWebServerFactoryTests" time="0.03"/>
</testsuite>