<?xml version="1.0" encoding="UTF-8"?>
<testsuite xmlns:xsi="http://www.w3.org/2001/XMLSchema-instance" xsi:noNamespaceSchemaLocation="https://maven.apache.org/surefire/maven-surefire-plugin/xsd/surefire-test-report.xsd" name="org.springframework.boot.logging.logback.SpringBootJoranConfiguratorTests" time="0.464" tests="17" errors="0" skipped="0" failures="0">
  <properties>
[...]
</properties>
  <testcase name="relaxedSpringPropertyWithDefaultValue" classname="org.springframework.boot.logging.logback.SpringBootJoranConfiguratorTests" time="0.024"/>
  <testcase name="springPropertyWithDefaultValue" classname="org.springframework.boot.logging.logback.SpringBootJoranConfiguratorTests" time="0.028"/>
  <testcase name="relaxedSpringProperty" classname="org.springframework.boot.logging.logback.SpringBootJoranConfiguratorTests" time="0.026"/>
  <testcase name="profileActive" classname="org.springframework.boot.logging.logback.SpringBootJoranConfiguratorTests" time="0.033"/>
  <testcase name="profileNotActive" classname="org.springframework.boot.logging.logback.SpringBootJoranConfiguratorTests" time="0.029"/>
  <testcase name="springProperty" classname="org.springframework.boot.logging.logback.SpringBootJoranConfiguratorTests" time="0.027"/>
  <testcase name="profileNestedActiveNotActive" classname="org.springframework.boot.logging.logback.SpringBootJoranConfiguratorTests" time="0.023"/>
  <testcase name="springPropertyNoValue" classname="org.springframework.boot.logging.logback.SpringBootJoranConfiguratorTests" time="0.031"/>
  <testcase name="profileExpressionNoMatch" classname="org.springframework.boot.logging.logback.SpringBootJoranConfiguratorTests" time="0.025"/>
  <testcase name="profileNestedNotActiveNotActive" classname="org.springframework.boot.logging.logback.SpringBootJoranConfiguratorTests" time="0.025"/>
  <testcase name="multipleNamesFirstProfileActive" classname="org.springframework.boot.logging.logback.SpringBootJoranConfiguratorTests" time="0.025"/>
  <testcase name="relaxedSpringPropertyNoValue" classname="org.springframework.boot.logging.logback.SpringBootJoranConfiguratorTests" time="0.022"/>
  <testcase name="profileNestedActiveActive" classname="org.springframework.boot.logging.logback.SpringBootJoranConfiguratorTests" time="0.026"/>
  <testcase name="profileExpressionMatchSecond" classname="org.springframework.boot.logging.logback.SpringBootJoranConfiguratorTests" time="0.027"/>
  <testcase name="profileNestedNotActiveActive" classname="org.springframework.boot.logging.logback.SpringBootJoranConfiguratorTests" time="0.028"/>
  <testcase name="profileExpressionMatchFirst" classname="org.springframework.boot.logging.logback.SpringBootJoranConfiguratorTests" time="0.032"/>
  <testcase name="multipleNamesSecondProfileActive" classname="org.springframework.boot.logging.logback.SpringBootJoranConfiguratorTests" time="0.027"/>
</testsuite>